#
# A fatal error has been detected by the Java Runtime Environment:
#
#  EXCEPTION_ACCESS_VIOLATION (0xc0000005) at pc=0x00007ff956f6e948, pid=14428, tid=17940
#
# JRE version: OpenJDK Runtime Environment Temurin-17.0.11+9 (17.0.11+9) (build 17.0.11+9)
# Java VM: OpenJDK 64-Bit Server VM Temurin-17.0.11+9 (17.0.11+9, mixed mode, emulated-client, tiered, compressed oops, compressed class ptrs, g1 gc, windows-amd64)
# Problematic frame:
# V  [jvm.dll+0x30e948]
#
# No core dump will be written. Minidumps are not enabled by default on client versions of Windows
#
# If you would like to submit a bug report, please visit:
#   https://github.com/adoptium/adoptium-support/issues
#

---------------  S U M M A R Y ------------

Command Line: -Xmx1024m -Dsts.lsp.client=vscode -Dsts.log.file=/dev/null -XX:TieredStopAtLevel=1 -Xlog:jni+resolve=off -Dspring.config.location=file:c:\Users\Rohit\.vscode\extensions\vmware.vscode-spring-boot-1.54.0\language-server\BOOT-INF\classes\application.properties org.springframework.ide.vscode.boot.app.BootLanguageServerBootApp

Host: AMD Ryzen 5 5500U with Radeon Graphics         , 12 cores, 15G,  Windows 11 , 64 bit Build 22621 (10.0.22621.3527)
Time: Sat Jun  1 17:30:06 2024 India Standard Time elapsed time: 318.016535 seconds (0d 0h 5m 18s)

---------------  T H R E A D  ---------------

Current thread (0x00000150d86cd270):  GCTaskThread "GC Thread#1" [stack: 0x00000049b7900000,0x00000049b7a00000] [id=17940]

Stack: [0x00000049b7900000,0x00000049b7a00000],  sp=0x00000049b79ffa00,  free space=1022k
Native frames: (J=compiled Java code, j=interpreted, Vv=VM code, C=native code)
V  [jvm.dll+0x30e948]
V  [jvm.dll+0x2f5008]
V  [jvm.dll+0x2f338a]
V  [jvm.dll+0x2f95f4]
V  [jvm.dll+0x2f9728]
V  [jvm.dll+0x2f8e1d]
V  [jvm.dll+0x2f86ad]
V  [jvm.dll+0x86241b]
V  [jvm.dll+0x862466]
V  [jvm.dll+0x7e410a]
V  [jvm.dll+0x67c315]
C  [ucrtbase.dll+0x29333]
C  [KERNEL32.DLL+0x1257d]
C  [ntdll.dll+0x5aa48]


siginfo: EXCEPTION_ACCESS_VIOLATION (0xc0000005), reading address 0x000000003790b808


Registers:
RAX=0x0000000000000001, RBX=0x00000150d85faeb8, RCX=0x0000000000000003, RDX=0x00000000c113f0a8
RSP=0x00000049b79ffa00, RBP=0x00000000c113f05c, RSI=0x00000150d85fa870, RDI=0x0000000000000011
R8 =0x000000003790b800, R9 =0x0000000000000001, R10=0x0000000000000003, R11=0x0000000000000000
R12=0x00000001000624a8, R13=0x00000000c113f040, R14=0x00000001000624a0, R15=0x00000150d85fae20
RIP=0x00007ff956f6e948, EFLAGS=0x0000000000010206


Register to memory mapping:

RIP=0x00007ff956f6e948 jvm.dll
RAX=0x0000000000000001 is an unknown value
RBX=0x00000150d85faeb8 points into unknown readable memory: 0x00000150d96397f0 | f0 97 63 d9 50 01 00 00
RCX=0x0000000000000003 is an unknown value
RDX=
[error occurred during error reporting (printing register info), id 0xc0000005, EXCEPTION_ACCESS_VIOLATION (0xc0000005) at pc=0x00007ff956f356fa]

Top of Stack: (sp=0x00000049b79ffa00)
0x00000049b79ffa00:   00000150d8aa4350 00007ff956f54e6e
0x00000049b79ffa10:   00000000c113ef50 00007ff956f54e6e
0x00000049b79ffa20:   00000000c113f0a8 00007ff956f55008
0x00000049b79ffa30:   00000150c668e0d8 0000000000000003
0x00000049b79ffa40:   00000000c0c597b8 00007ff956f53f01
0x00000049b79ffa50:   00000000c113f0a8 0add280002c34000
0x00000049b79ffa60:   00000000c113f0a8 00007ff956f5338a
0x00000049b79ffa70:   00000000c113f054 00000150d85fa870
0x00000049b79ffa80:   00000000c113ef50 00000049b79ffad0
0x00000049b79ffa90:   00007ff956c60000 0000000000000000
0x00000049b79ffaa0:   000000000000000c 000000000000000c
0x00000049b79ffab0:   00000150d85fa870 00007ff956f595f4
0x00000049b79ffac0:   0000000000000010 00000000c113f040
0x00000049b79ffad0:   0000000000000002 00000150d85fa870
0x00000049b79ffae0:   0000000000000000 00000000c113ee88
0x00000049b79ffaf0:   0000000000000010 0000000000000000
0x00000049b79ffb00:   00007ff956c60000 00007ff956f59728
0x00000049b79ffb10:   00000150d85fa870 0000000000000010
0x00000049b79ffb20:   00000150d85fa870 0000000000000010
0x00000049b79ffb30:   00000000c113ee88 0000000000000000
0x00000049b79ffb40:   0000000000000000 0000000000000000
0x00000049b79ffb50:   0000000000000001 00000049b6bff108
0x00000049b79ffb60:   00000049b6bfe790 00000150d85fa870
0x00000049b79ffb70:   00007ff956c60000 0000000000000010
0x00000049b79ffb80:   00000049b6bff120 00007ff956f58e1d
0x00000049b79ffb90:   00000150d3b26610 00000049b6bfe630
0x00000049b79ffba0:   000000000000000c 00007ff956f7ab87
0x00000049b79ffbb0:   00000049b6bfe650 00000049b6bfe630
0x00000049b79ffbc0:   0000000000000001 00000150d85fa870
0x00000049b79ffbd0:   00000000000003d8 00000150d3b269e8
0x00000049b79ffbe0:   00000150d3b26600 00000150d3b26610
0x00000049b79ffbf0:   00000049b6bfe630 00007ff956f586ad 

Instructions: (pc=0x00007ff956f6e948)
0x00007ff956f6e848:   cc cc cc cc cc cc cc cc 48 89 5c 24 08 57 48 83
0x00007ff956f6e858:   ec 30 33 c0 48 89 11 41 8d 50 ff 48 89 41 08 48
0x00007ff956f6e868:   89 51 28 48 8b d9 44 89 41 10 41 8b f8 48 89 41
0x00007ff956f6e878:   18 48 89 41 20 41 8b c8 e8 5b c1 cf ff 84 c0 75
0x00007ff956f6e888:   2b 4c 8d 0d d0 bb 64 00 89 7c 24 20 4c 8d 05 fd
0x00007ff956f6e898:   bb 64 00 ba 28 00 00 00 48 8d 0d 29 bc 64 00 e8
0x00007ff956f6e8a8:   b4 93 f3 ff e8 7f e6 36 00 8b 7b 10 45 33 c0 8b
0x00007ff956f6e8b8:   cf 48 c1 e1 04 41 8d 50 05 e8 7a 83 d9 ff 48 89
0x00007ff956f6e8c8:   43 08 48 8b c3 48 8b 5c 24 40 48 83 c4 30 5f c3
0x00007ff956f6e8d8:   cc cc cc cc cc cc cc cc 48 8b 49 08 e9 d7 82 d9
0x00007ff956f6e8e8:   ff cc cc cc cc cc cc cc 48 89 5c 24 08 57 48 83
0x00007ff956f6e8f8:   ec 20 48 8b 05 47 bc 8a 00 48 8b d9 48 8b fa 8b
0x00007ff956f6e908:   88 c0 01 00 00 4c 8b 80 b8 01 00 00 0f b6 05 4c
0x00007ff956f6e918:   4a 87 00 49 d3 e0 8b 0d 2c 54 87 00 49 2b f8 48
0x00007ff956f6e928:   d3 ef 84 c0 74 16 44 8b 42 08 8b 0d c0 89 80 00
0x00007ff956f6e938:   49 d3 e0 4c 03 05 ae 89 80 00 eb 04 4c 8b 42 08
0x00007ff956f6e948:   45 8b 48 08 45 85 c9 7e 0c 41 f6 c1 01 75 55 41
0x00007ff956f6e958:   c1 f9 03 eb 5e 79 4d 84 c0 41 b8 0c 00 00 00 8b
0x00007ff956f6e968:   05 c7 98 80 00 b9 10 00 00 00 41 0f 45 c8 ff c8
0x00007ff956f6e978:   4c 63 c0 41 8b c1 48 c1 f8 10 48 63 14 11 41 8b
0x00007ff956f6e988:   c9 83 e1 3f 48 d3 e2 0f b6 c8 49 8d 04 10 49 f7
0x00007ff956f6e998:   d0 48 03 c8 4d 8b c8 49 c1 e9 03 48 c1 e9 03 44
0x00007ff956f6e9a8:   23 c9 eb 0f 49 8b 00 49 8b c8 ff 90 00 01 00 00
0x00007ff956f6e9b8:   44 8b c8 8b 53 28 8b c7 48 23 d0 48 c1 e2 04 48
0x00007ff956f6e9c8:   03 53 08 8b 02 3b c7 74 34 4c 8b 42 08 4d 85 c0
0x00007ff956f6e9d8:   74 0b 8b c8 48 8b 03 f0 4c 0f c1 04 c8 48 c7 42
0x00007ff956f6e9e8:   08 00 00 00 00 89 3a 48 ff 43 20 49 63 c1 48 01
0x00007ff956f6e9f8:   42 08 48 8b 5c 24 30 48 83 c4 20 5f c3 48 ff 43
0x00007ff956f6ea08:   18 48 8b 5c 24 30 49 63 c1 48 01 42 08 48 83 c4
0x00007ff956f6ea18:   20 5f c3 cc cc cc cc cc 48 89 5c 24 08 33 db 4c
0x00007ff956f6ea28:   8b da 4c 8b c9 44 8b c3 39 59 10 76 39 66 66 66
0x00007ff956f6ea38:   0f 1f 84 00 00 00 00 00 41 8b c0 48 c1 e0 04 49 


Stack slot to memory mapping:
stack at sp + 0 slots: 0x00000150d8aa4350 points into unknown readable memory: 0x6863002500000002 | 02 00 00 00 25 00 63 68
stack at sp + 1 slots: 0x00007ff956f54e6e jvm.dll
stack at sp + 2 slots: 0x00000000c113ef50 is an oop: java.lang.WeakPairMap$Pair$Weak$1 
{0x00000000c113ef50} - klass: 'java/lang/WeakPairMap$Pair$Weak$1'
 - ---- fields (total size 4 words):
 - private 'referent' 'Ljava/lang/Object;' @12  a 'java/lang/Module'{0x00000000c0c597b8} (c0c597b8)
 - volatile 'queue' 'Ljava/lang/ref/ReferenceQueue;' @16  a 'java/lang/ref/ReferenceQueue'{0x00000000c113ef20} (c113ef20)
 - volatile 'next' 'Ljava/lang/ref/Reference;' @20  NULL (0)
 - private transient 'discovered' 'Ljava/lang/ref/Reference;' @24  NULL (0)
 - final synthetic 'this$0' 'Ljava/lang/WeakPairMap$Pair$Weak;' @28  a 'java/lang/WeakPairMap$Pair$Weak'{0x00000000c113eef8} (c113eef8)
stack at sp + 3 slots: 0x00007ff956f54e6e jvm.dll
stack at sp + 4 slots: 
[error occurred during error reporting (inspecting top of stack), id 0xc0000005, EXCEPTION_ACCESS_VIOLATION (0xc0000005) at pc=0x00007ff956f356fa]


---------------  P R O C E S S  ---------------

Threads class SMR info:
_java_thread_list=0x00000150d9642610, length=26, elements={
0x00000150d3acd210, 0x00000150d3ace090, 0x00000150d3b1aa40, 0x00000150d3b1c770,
0x00000150d3b1d330, 0x00000150d3b1fd00, 0x00000150d3b20770, 0x00000150d3b21f20,
0x00000150d3d41010, 0x00000150d3d47bb0, 0x00000150d9452110, 0x00000150d95b5820,
0x00000150d9591010, 0x00000150c88249f0, 0x00000150d9625920, 0x00000150d955d6d0,
0x00000150d865d370, 0x00000150d865b510, 0x00000150d865bf30, 0x00000150d865d880,
0x00000150d865ce60, 0x00000150d96d08d0, 0x00000150d96cf9a0, 0x00000150d96cf490,
0x00000150d96c9970, 0x00000150d96ce560
}

Java Threads: ( => current thread )
  0x00000150d3acd210 JavaThread "Reference Handler" daemon [_thread_blocked, id=9320, stack(0x00000049b6c00000,0x00000049b6d00000)]
  0x00000150d3ace090 JavaThread "Finalizer" daemon [_thread_blocked, id=708, stack(0x00000049b6d00000,0x00000049b6e00000)]
  0x00000150d3b1aa40 JavaThread "Signal Dispatcher" daemon [_thread_blocked, id=11312, stack(0x00000049b6e00000,0x00000049b6f00000)]
  0x00000150d3b1c770 JavaThread "Attach Listener" daemon [_thread_blocked, id=9608, stack(0x00000049b6f00000,0x00000049b7000000)]
  0x00000150d3b1d330 JavaThread "Service Thread" daemon [_thread_blocked, id=2300, stack(0x00000049b7000000,0x00000049b7100000)]
  0x00000150d3b1fd00 JavaThread "Monitor Deflation Thread" daemon [_thread_blocked, id=17908, stack(0x00000049b7100000,0x00000049b7200000)]
  0x00000150d3b20770 JavaThread "C1 CompilerThread0" daemon [_thread_blocked, id=17972, stack(0x00000049b7200000,0x00000049b7300000)]
  0x00000150d3b21f20 JavaThread "Sweeper thread" daemon [_thread_blocked, id=18392, stack(0x00000049b7300000,0x00000049b7400000)]
  0x00000150d3d41010 JavaThread "Notification Thread" daemon [_thread_blocked, id=17948, stack(0x00000049b7500000,0x00000049b7600000)]
  0x00000150d3d47bb0 JavaThread "Common-Cleaner" daemon [_thread_blocked, id=11200, stack(0x00000049b7700000,0x00000049b7800000)]
  0x00000150d9452110 JavaThread "boundedElastic-evictor-1" daemon [_thread_blocked, id=18128, stack(0x00000049b7e00000,0x00000049b7f00000)]
  0x00000150d95b5820 JavaThread "pool-13-thread-1" [_thread_blocked, id=18300, stack(0x00000049b8700000,0x00000049b8800000)]
  0x00000150d9591010 JavaThread "LanguageServerApp-lifecycle" [_thread_blocked, id=9108, stack(0x00000049b8800000,0x00000049b8900000)]
  0x00000150c88249f0 JavaThread "DestroyJavaVM" [_thread_blocked, id=18096, stack(0x00000049b6500000,0x00000049b6600000)]
  0x00000150d9625920 JavaThread "pool-14-thread-1" [_thread_in_native, id=17944, stack(0x00000049b8900000,0x00000049b8a00000)]
  0x00000150d955d6d0 JavaThread "Simple-Language-Server main thread" daemon [_thread_blocked, id=3820, stack(0x00000049b8a00000,0x00000049b8b00000)]
  0x00000150d865d370 JavaThread "pool-8-thread-1" [_thread_blocked, id=18276, stack(0x00000049b8f00000,0x00000049b9000000)]
  0x00000150d865b510 JavaThread "parallel-1" daemon [_thread_blocked, id=17900, stack(0x00000049b9000000,0x00000049b9100000)]
  0x00000150d865bf30 JavaThread "pool-6-thread-1" [_thread_blocked, id=17824, stack(0x00000049b9100000,0x00000049b9200000)]
  0x00000150d865d880 JavaThread "parallel-2" daemon [_thread_blocked, id=17916, stack(0x00000049b9200000,0x00000049b9300000)]
  0x00000150d865ce60 JavaThread "parallel-3" daemon [_thread_blocked, id=17616, stack(0x00000049b9300000,0x00000049b9400000)]
  0x00000150d96d08d0 JavaThread "parallel-4" daemon [_thread_blocked, id=17352, stack(0x00000049b9a00000,0x00000049b9b00000)]
  0x00000150d96cf9a0 JavaThread "parallel-5" daemon [_thread_blocked, id=17656, stack(0x00000049b9b00000,0x00000049b9c00000)]
  0x00000150d96cf490 JavaThread "Reconciler-1" daemon [_thread_blocked, id=18072, stack(0x00000049b9d00000,0x00000049b9e00000)]
  0x00000150d96c9970 JavaThread "OkHttp TaskRunner" daemon [_thread_blocked, id=15628, stack(0x00000049ba700000,0x00000049ba800000)]
  0x00000150d96ce560 JavaThread "pool-5-thread-8" [_thread_blocked, id=7412, stack(0x00000049b6300000,0x00000049b6400000)]

Other Threads:
  0x00000150d3aeb640 VMThread "VM Thread" [stack: 0x00000049b6b00000,0x00000049b6c00000] [id=15680]
  0x00000150d3d414f0 WatcherThread [stack: 0x00000049b7600000,0x00000049b7700000] [id=14432]
  0x00000150c8863860 GCTaskThread "GC Thread#0" [stack: 0x00000049b6600000,0x00000049b6700000] [id=13528]
=>0x00000150d86cd270 GCTaskThread "GC Thread#1" [stack: 0x00000049b7900000,0x00000049b7a00000] [id=17940]
  0x00000150d86cd530 GCTaskThread "GC Thread#2" [stack: 0x00000049b7a00000,0x00000049b7b00000] [id=8452]
  0x00000150d86cd7f0 GCTaskThread "GC Thread#3" [stack: 0x00000049b7b00000,0x00000049b7c00000] [id=11424]
  0x00000150d86cdab0 GCTaskThread "GC Thread#4" [stack: 0x00000049b7c00000,0x00000049b7d00000] [id=4304]
  0x00000150d8a30850 GCTaskThread "GC Thread#5" [stack: 0x00000049b7d00000,0x00000049b7e00000] [id=16548]
  0x00000150d8e6a430 GCTaskThread "GC Thread#6" [stack: 0x00000049b8100000,0x00000049b8200000] [id=14352]
  0x00000150d8dfc020 GCTaskThread "GC Thread#7" [stack: 0x00000049b8200000,0x00000049b8300000] [id=18140]
  0x00000150d8da5fc0 GCTaskThread "GC Thread#8" [stack: 0x00000049b8300000,0x00000049b8400000] [id=4352]
  0x00000150d8d6d450 GCTaskThread "GC Thread#9" [stack: 0x00000049b8400000,0x00000049b8500000] [id=4568]
  0x00000150c886d7c0 ConcurrentGCThread "G1 Main Marker" [stack: 0x00000049b6700000,0x00000049b6800000] [id=13672]
  0x00000150c886e1e0 ConcurrentGCThread "G1 Conc#0" [stack: 0x00000049b6800000,0x00000049b6900000] [id=7148]
  0x00000150d8d65dc0 ConcurrentGCThread "G1 Conc#1" [stack: 0x00000049b8500000,0x00000049b8600000] [id=13752]
  0x00000150d8f3ecb0 ConcurrentGCThread "G1 Conc#2" [stack: 0x00000049b8600000,0x00000049b8700000] [id=17284]
  0x00000150d3942960 ConcurrentGCThread "G1 Refine#0" [stack: 0x00000049b6900000,0x00000049b6a00000] [id=18108]
  0x00000150d3943390 ConcurrentGCThread "G1 Service" [stack: 0x00000049b6a00000,0x00000049b6b00000] [id=1300]

Threads with active compile tasks:

VM state: at safepoint (normal execution)

VM Mutex/Monitor currently owned by a thread:  ([mutex/lock_event])
[0x00000150c66c0fc0] Threads_lock - owner thread: 0x00000150d3aeb640
[0x00000150c66bb120] Heap_lock - owner thread: 0x00000150d95b5820

Heap address: 0x00000000c0000000, size: 1024 MB, Compressed Oops mode: 32-bit

CDS archive(s) not mapped
Compressed class space mapped at: 0x0000000100000000-0x0000000140000000, reserved size: 1073741824
Narrow klass base: 0x0000000000000000, Narrow klass shift: 3, Narrow klass range: 0x140000000

GC Precious Log:
 CPUs: 12 total, 12 available
 Memory: 15694M
 Large Page Support: Disabled
 NUMA Support: Disabled
 Compressed Oops: Enabled (32-bit)
 Heap Region Size: 1M
 Heap Min Capacity: 8M
 Heap Initial Capacity: 246M
 Heap Max Capacity: 1G
 Pre-touch: Disabled
 Parallel Workers: 10
 Concurrent Workers: 3
 Concurrent Refinement Workers: 10
 Periodic GC: Disabled

Heap:
 garbage-first heap   total 98304K, used 41978K [0x00000000c0000000, 0x0000000100000000)
  region size 1024K, 5 young (5120K), 0 survivors (0K)
 Metaspace       used 58158K, committed 58880K, reserved 1114112K
  class space    used 7214K, committed 7488K, reserved 1048576K

Heap Regions: E=young(eden), S=young(survivor), O=old, HS=humongous(starts), HC=humongous(continues), CS=collection set, F=free, OA=open archive, CA=closed archive, TAMS=top-at-mark-start (previous, next)
|   0|0x00000000c0000000, 0x00000000c0100000, 0x00000000c0100000|100%|HS|  |TAMS 0x00000000c0100000, 0x00000000c0000000| Untracked 
|   1|0x00000000c0100000, 0x00000000c0200000, 0x00000000c0200000|100%|HC|  |TAMS 0x00000000c0200000, 0x00000000c0100000| Untracked 
|   2|0x00000000c0200000, 0x00000000c0300000, 0x00000000c0300000|100%|HC|  |TAMS 0x00000000c0300000, 0x00000000c0200000| Untracked 
|   3|0x00000000c0300000, 0x00000000c0400000, 0x00000000c0400000|100%|HC|  |TAMS 0x00000000c0400000, 0x00000000c0300000| Untracked 
|   4|0x00000000c0400000, 0x00000000c0500000, 0x00000000c0500000|100%|HS|  |TAMS 0x00000000c0500000, 0x00000000c0400000| Untracked 
|   5|0x00000000c0500000, 0x00000000c0600000, 0x00000000c0600000|100%|HC|  |TAMS 0x00000000c0600000, 0x00000000c0500000| Untracked 
|   6|0x00000000c0600000, 0x00000000c0700000, 0x00000000c0700000|100%| O|  |TAMS 0x00000000c0700000, 0x00000000c0600000| Untracked 
|   7|0x00000000c0700000, 0x00000000c0800000, 0x00000000c0800000|100%| O|  |TAMS 0x00000000c0800000, 0x00000000c0700000| Untracked 
|   8|0x00000000c0800000, 0x00000000c0900000, 0x00000000c0900000|100%| O|  |TAMS 0x00000000c0900000, 0x00000000c0800000| Untracked 
|   9|0x00000000c0900000, 0x00000000c09fffe0, 0x00000000c0a00000| 99%| O|  |TAMS 0x00000000c09fffe0, 0x00000000c0900000| Untracked 
|  10|0x00000000c0a00000, 0x00000000c0b00000, 0x00000000c0b00000|100%| O|  |TAMS 0x00000000c0b00000, 0x00000000c0a00000| Untracked 
|  11|0x00000000c0b00000, 0x00000000c0c00000, 0x00000000c0c00000|100%| O|  |TAMS 0x00000000c0c00000, 0x00000000c0b00000| Untracked 
|  12|0x00000000c0c00000, 0x00000000c0cfddf0, 0x00000000c0d00000| 99%| O|  |TAMS 0x00000000c0cfddf0, 0x00000000c0c00000| Untracked 
|  13|0x00000000c0d00000, 0x00000000c0e00000, 0x00000000c0e00000|100%| O|  |TAMS 0x00000000c0e00000, 0x00000000c0d00000| Untracked 
|  14|0x00000000c0e00000, 0x00000000c0f00000, 0x00000000c0f00000|100%| O|  |TAMS 0x00000000c0f00000, 0x00000000c0e00000| Untracked 
|  15|0x00000000c0f00000, 0x00000000c0fffff8, 0x00000000c1000000| 99%| O|  |TAMS 0x00000000c0fffff8, 0x00000000c0f00000| Untracked 
|  16|0x00000000c1000000, 0x00000000c10fffe8, 0x00000000c1100000| 99%| O|  |TAMS 0x00000000c10fffe8, 0x00000000c1000000| Untracked 
|  17|0x00000000c1100000, 0x00000000c11ffff8, 0x00000000c1200000| 99%| O|  |TAMS 0x00000000c11ffff8, 0x00000000c1100000| Untracked 
|  18|0x00000000c1200000, 0x00000000c12fffd0, 0x00000000c1300000| 99%| O|  |TAMS 0x00000000c12fffd0, 0x00000000c1200000| Untracked 
|  19|0x00000000c1300000, 0x00000000c13fffe0, 0x00000000c1400000| 99%| O|  |TAMS 0x00000000c13fffe0, 0x00000000c1300000| Untracked 
|  20|0x00000000c1400000, 0x00000000c14ffff8, 0x00000000c1500000| 99%| O|  |TAMS 0x00000000c14ffff8, 0x00000000c1400000| Untracked 
|  21|0x00000000c1500000, 0x00000000c15ffff8, 0x00000000c1600000| 99%| O|  |TAMS 0x00000000c15ffff8, 0x00000000c1500000| Untracked 
|  22|0x00000000c1600000, 0x00000000c16f84c8, 0x00000000c1700000| 96%| O|  |TAMS 0x00000000c16f84c8, 0x00000000c1600000| Untracked 
|  23|0x00000000c1700000, 0x00000000c1800000, 0x00000000c1800000|100%| O|  |TAMS 0x00000000c1800000, 0x00000000c1700000| Untracked 
|  24|0x00000000c1800000, 0x00000000c18fffd8, 0x00000000c1900000| 99%| O|  |TAMS 0x00000000c18fffd8, 0x00000000c1800000| Untracked 
|  25|0x00000000c1900000, 0x00000000c19fffe0, 0x00000000c1a00000| 99%| O|  |TAMS 0x00000000c19fffe0, 0x00000000c1900000| Untracked 
|  26|0x00000000c1a00000, 0x00000000c1b00000, 0x00000000c1b00000|100%|HS|  |TAMS 0x00000000c1b00000, 0x00000000c1a00000| Untracked 
|  27|0x00000000c1b00000, 0x00000000c1bffff0, 0x00000000c1c00000| 99%| O|  |TAMS 0x00000000c1bffff0, 0x00000000c1b00000| Untracked 
|  28|0x00000000c1c00000, 0x00000000c1cfc730, 0x00000000c1d00000| 98%| O|  |TAMS 0x00000000c1cfc730, 0x00000000c1c00000| Untracked 
|  29|0x00000000c1d00000, 0x00000000c1df8f10, 0x00000000c1e00000| 97%| O|  |TAMS 0x00000000c1df8f10, 0x00000000c1d00000| Untracked 
|  30|0x00000000c1e00000, 0x00000000c1ee8b58, 0x00000000c1f00000| 90%| O|  |TAMS 0x00000000c1e00000, 0x00000000c1e00000| Untracked 
|  31|0x00000000c1f00000, 0x00000000c1ffffe0, 0x00000000c2000000| 99%| O|  |TAMS 0x00000000c1ffffe0, 0x00000000c1f00000| Untracked 
|  32|0x00000000c2000000, 0x00000000c20fffc8, 0x00000000c2100000| 99%| O|  |TAMS 0x00000000c20fffc8, 0x00000000c2000000| Untracked 
|  33|0x00000000c2100000, 0x00000000c21ffff8, 0x00000000c2200000| 99%| O|  |TAMS 0x00000000c21ffff8, 0x00000000c2100000| Untracked 
|  34|0x00000000c2200000, 0x00000000c22fffc8, 0x00000000c2300000| 99%| O|  |TAMS 0x00000000c22fffc8, 0x00000000c2200000| Untracked 
|  35|0x00000000c2300000, 0x00000000c23ffbc0, 0x00000000c2400000| 99%| O|  |TAMS 0x00000000c23ffbc0, 0x00000000c2300000| Untracked 
|  36|0x00000000c2400000, 0x00000000c24d1598, 0x00000000c2500000| 81%| O|  |TAMS 0x00000000c2400000, 0x00000000c2400000| Untracked 
|  37|0x00000000c2500000, 0x00000000c2500000, 0x00000000c2600000|  0%| F|  |TAMS 0x00000000c2500000, 0x00000000c2500000| Untracked 
|  38|0x00000000c2600000, 0x00000000c2600000, 0x00000000c2700000|  0%| F|  |TAMS 0x00000000c2600000, 0x00000000c2600000| Untracked 
|  39|0x00000000c2700000, 0x00000000c2700000, 0x00000000c2800000|  0%| F|  |TAMS 0x00000000c2700000, 0x00000000c2700000| Untracked 
|  40|0x00000000c2800000, 0x00000000c2800000, 0x00000000c2900000|  0%| F|  |TAMS 0x00000000c2800000, 0x00000000c2800000| Untracked 
|  41|0x00000000c2900000, 0x00000000c2900000, 0x00000000c2a00000|  0%| F|  |TAMS 0x00000000c2900000, 0x00000000c2900000| Untracked 
|  42|0x00000000c2a00000, 0x00000000c2a00000, 0x00000000c2b00000|  0%| F|  |TAMS 0x00000000c2a00000, 0x00000000c2a00000| Untracked 
|  43|0x00000000c2b00000, 0x00000000c2b00000, 0x00000000c2c00000|  0%| F|  |TAMS 0x00000000c2b00000, 0x00000000c2b00000| Untracked 
|  44|0x00000000c2c00000, 0x00000000c2c00000, 0x00000000c2d00000|  0%| F|  |TAMS 0x00000000c2c00000, 0x00000000c2c00000| Untracked 
|  45|0x00000000c2d00000, 0x00000000c2d00000, 0x00000000c2e00000|  0%| F|  |TAMS 0x00000000c2d00000, 0x00000000c2d00000| Untracked 
|  46|0x00000000c2e00000, 0x00000000c2e00000, 0x00000000c2f00000|  0%| F|  |TAMS 0x00000000c2e00000, 0x00000000c2e00000| Untracked 
|  47|0x00000000c2f00000, 0x00000000c2f00000, 0x00000000c3000000|  0%| F|  |TAMS 0x00000000c2f00000, 0x00000000c2f00000| Untracked 
|  48|0x00000000c3000000, 0x00000000c3000000, 0x00000000c3100000|  0%| F|  |TAMS 0x00000000c3000000, 0x00000000c3000000| Untracked 
|  49|0x00000000c3100000, 0x00000000c3100000, 0x00000000c3200000|  0%| F|  |TAMS 0x00000000c3100000, 0x00000000c3100000| Untracked 
|  50|0x00000000c3200000, 0x00000000c3200000, 0x00000000c3300000|  0%| F|  |TAMS 0x00000000c3200000, 0x00000000c3200000| Untracked 
|  51|0x00000000c3300000, 0x00000000c3300000, 0x00000000c3400000|  0%| F|  |TAMS 0x00000000c3300000, 0x00000000c3300000| Untracked 
|  52|0x00000000c3400000, 0x00000000c3400000, 0x00000000c3500000|  0%| F|  |TAMS 0x00000000c3400000, 0x00000000c3400000| Untracked 
|  53|0x00000000c3500000, 0x00000000c3500000, 0x00000000c3600000|  0%| F|  |TAMS 0x00000000c3500000, 0x00000000c3500000| Untracked 
|  54|0x00000000c3600000, 0x00000000c3600000, 0x00000000c3700000|  0%| F|  |TAMS 0x00000000c3600000, 0x00000000c3600000| Untracked 
|  55|0x00000000c3700000, 0x00000000c3700000, 0x00000000c3800000|  0%| F|  |TAMS 0x00000000c3700000, 0x00000000c3700000| Untracked 
|  56|0x00000000c3800000, 0x00000000c3800000, 0x00000000c3900000|  0%| F|  |TAMS 0x00000000c3800000, 0x00000000c3800000| Untracked 
|  57|0x00000000c3900000, 0x00000000c3900000, 0x00000000c3a00000|  0%| F|  |TAMS 0x00000000c3900000, 0x00000000c3900000| Untracked 
|  58|0x00000000c3a00000, 0x00000000c3a00000, 0x00000000c3b00000|  0%| F|  |TAMS 0x00000000c3a00000, 0x00000000c3a00000| Untracked 
|  59|0x00000000c3b00000, 0x00000000c3b00000, 0x00000000c3c00000|  0%| F|  |TAMS 0x00000000c3b00000, 0x00000000c3b00000| Untracked 
|  60|0x00000000c3c00000, 0x00000000c3c00000, 0x00000000c3d00000|  0%| F|  |TAMS 0x00000000c3c00000, 0x00000000c3c00000| Untracked 
|  61|0x00000000c3d00000, 0x00000000c3d00000, 0x00000000c3e00000|  0%| F|  |TAMS 0x00000000c3d00000, 0x00000000c3d00000| Untracked 
|  62|0x00000000c3e00000, 0x00000000c3e00000, 0x00000000c3f00000|  0%| F|  |TAMS 0x00000000c3e00000, 0x00000000c3e00000| Untracked 
|  63|0x00000000c3f00000, 0x00000000c3f00000, 0x00000000c4000000|  0%| F|  |TAMS 0x00000000c3f00000, 0x00000000c3f00000| Untracked 
|  64|0x00000000c4000000, 0x00000000c4000000, 0x00000000c4100000|  0%| F|  |TAMS 0x00000000c4000000, 0x00000000c4000000| Untracked 
|  65|0x00000000c4100000, 0x00000000c4100000, 0x00000000c4200000|  0%| F|  |TAMS 0x00000000c4100000, 0x00000000c4100000| Untracked 
|  66|0x00000000c4200000, 0x00000000c4200000, 0x00000000c4300000|  0%| F|  |TAMS 0x00000000c4200000, 0x00000000c4200000| Untracked 
|  67|0x00000000c4300000, 0x00000000c4300000, 0x00000000c4400000|  0%| F|  |TAMS 0x00000000c4300000, 0x00000000c4300000| Untracked 
|  68|0x00000000c4400000, 0x00000000c4400000, 0x00000000c4500000|  0%| F|  |TAMS 0x00000000c4400000, 0x00000000c4400000| Untracked 
|  69|0x00000000c4500000, 0x00000000c4500000, 0x00000000c4600000|  0%| F|  |TAMS 0x00000000c4500000, 0x00000000c4500000| Untracked 
|  70|0x00000000c4600000, 0x00000000c4600000, 0x00000000c4700000|  0%| F|  |TAMS 0x00000000c4600000, 0x00000000c4600000| Untracked 
|  71|0x00000000c4700000, 0x00000000c4700000, 0x00000000c4800000|  0%| F|  |TAMS 0x00000000c4700000, 0x00000000c4700000| Untracked 
|  72|0x00000000c4800000, 0x00000000c4800000, 0x00000000c4900000|  0%| F|  |TAMS 0x00000000c4800000, 0x00000000c4800000| Untracked 
|  73|0x00000000c4900000, 0x00000000c4900000, 0x00000000c4a00000|  0%| F|  |TAMS 0x00000000c4900000, 0x00000000c4900000| Untracked 
|  74|0x00000000c4a00000, 0x00000000c4a00000, 0x00000000c4b00000|  0%| F|  |TAMS 0x00000000c4a00000, 0x00000000c4a00000| Untracked 
|  75|0x00000000c4b00000, 0x00000000c4b00000, 0x00000000c4c00000|  0%| F|  |TAMS 0x00000000c4b00000, 0x00000000c4b00000| Untracked 
|  76|0x00000000c4c00000, 0x00000000c4c00000, 0x00000000c4d00000|  0%| F|  |TAMS 0x00000000c4c00000, 0x00000000c4c00000| Untracked 
|  77|0x00000000c4d00000, 0x00000000c4d00000, 0x00000000c4e00000|  0%| F|  |TAMS 0x00000000c4d00000, 0x00000000c4d00000| Untracked 
|  78|0x00000000c4e00000, 0x00000000c4e00000, 0x00000000c4f00000|  0%| F|  |TAMS 0x00000000c4e00000, 0x00000000c4e00000| Untracked 
|  79|0x00000000c4f00000, 0x00000000c4f00000, 0x00000000c5000000|  0%| F|  |TAMS 0x00000000c4f00000, 0x00000000c4f00000| Untracked 
|  80|0x00000000c5000000, 0x00000000c5000000, 0x00000000c5100000|  0%| F|  |TAMS 0x00000000c5000000, 0x00000000c5000000| Untracked 
|  81|0x00000000c5100000, 0x00000000c5100000, 0x00000000c5200000|  0%| F|  |TAMS 0x00000000c5100000, 0x00000000c5100000| Untracked 
|  82|0x00000000c5200000, 0x00000000c5200000, 0x00000000c5300000|  0%| F|  |TAMS 0x00000000c5200000, 0x00000000c5200000| Untracked 
|  83|0x00000000c5300000, 0x00000000c5300000, 0x00000000c5400000|  0%| F|  |TAMS 0x00000000c5300000, 0x00000000c5300000| Untracked 
|  84|0x00000000c5400000, 0x00000000c5400000, 0x00000000c5500000|  0%| F|  |TAMS 0x00000000c5400000, 0x00000000c5400000| Untracked 
|  85|0x00000000c5500000, 0x00000000c5500000, 0x00000000c5600000|  0%| F|  |TAMS 0x00000000c5500000, 0x00000000c5500000| Untracked 
|  86|0x00000000c5600000, 0x00000000c5600000, 0x00000000c5700000|  0%| F|  |TAMS 0x00000000c5600000, 0x00000000c5600000| Untracked 
|  87|0x00000000c5700000, 0x00000000c5700000, 0x00000000c5800000|  0%| F|  |TAMS 0x00000000c5700000, 0x00000000c5700000| Untracked 
|  88|0x00000000c5800000, 0x00000000c5800000, 0x00000000c5900000|  0%| F|  |TAMS 0x00000000c5800000, 0x00000000c5800000| Untracked 
| 206|0x00000000cce00000, 0x00000000cce00000, 0x00000000ccf00000|  0%| F|  |TAMS 0x00000000cce00000, 0x00000000cce00000| Untracked 
| 207|0x00000000ccf00000, 0x00000000ccf00000, 0x00000000cd000000|  0%| F|  |TAMS 0x00000000ccf00000, 0x00000000ccf00000| Untracked 
| 208|0x00000000cd000000, 0x00000000cd059568, 0x00000000cd100000| 34%| E|  |TAMS 0x00000000cd000000, 0x00000000cd000000| Complete 
| 209|0x00000000cd100000, 0x00000000cd200000, 0x00000000cd200000|100%| E|  |TAMS 0x00000000cd100000, 0x00000000cd100000| Complete 
| 210|0x00000000cd200000, 0x00000000cd300000, 0x00000000cd300000|100%| E|  |TAMS 0x00000000cd200000, 0x00000000cd200000| Complete 
| 244|0x00000000cf400000, 0x00000000cf500000, 0x00000000cf500000|100%| E|  |TAMS 0x00000000cf400000, 0x00000000cf400000| Complete 
| 245|0x00000000cf500000, 0x00000000cf600000, 0x00000000cf600000|100%| E|  |TAMS 0x00000000cf500000, 0x00000000cf500000| Complete 

Card table byte_map: [0x00000150ce9e0000,0x00000150cebe0000] _byte_map_base: 0x00000150ce3e0000

Marking Bits (Prev, Next): (CMBitMap*) 0x00000150c8864ed0, (CMBitMap*) 0x00000150c8864e90
 Prev Bits: [0x00000150cfde0000, 0x00000150d0de0000)
 Next Bits: [0x00000150cede0000, 0x00000150cfde0000)

Polling page: 0x00000150c7fd0000

Metaspace:

Usage:
  Non-class:     49.75 MB used.
      Class:      7.05 MB used.
       Both:     56.80 MB used.

Virtual space:
  Non-class space:       64.00 MB reserved,      50.19 MB ( 78%) committed,  1 nodes.
      Class space:        1.00 GB reserved,       7.31 MB ( <1%) committed,  1 nodes.
             Both:        1.06 GB reserved,      57.50 MB (  5%) committed. 

Chunk freelists:
   Non-Class:  13.53 MB
       Class:  8.58 MB
        Both:  22.12 MB

MaxMetaspaceSize: unlimited
CompressedClassSpaceSize: 1.00 GB
Initial GC threshold: 21.00 MB
Current GC threshold: 95.75 MB
CDS: off
MetaspaceReclaimPolicy: balanced
 - commit_granule_bytes: 65536.
 - commit_granule_words: 8192.
 - virtual_space_node_default_size: 8388608.
 - enlarge_chunks_in_place: 1.
 - new_chunks_are_fully_committed: 0.
 - uncommit_free_chunks: 1.
 - use_allocation_guard: 0.
 - handle_deallocations: 1.


Internal statistics:

num_allocs_failed_limit: 8.
num_arena_births: 656.
num_arena_deaths: 222.
num_vsnodes_births: 2.
num_vsnodes_deaths: 0.
num_space_committed: 920.
num_space_uncommitted: 0.
num_chunks_returned_to_freelist: 267.
num_chunks_taken_from_freelist: 2486.
num_chunk_merges: 88.
num_chunk_splits: 1732.
num_chunks_enlarged: 1324.
num_inconsistent_stats: 0.

CodeCache: size=49152Kb used=10465Kb max_used=11338Kb free=38686Kb
 bounds [0x00000150cb4b0000, 0x00000150cc000000, 0x00000150ce4b0000]
 total_blobs=6398 nmethods=5730 adapters=595
 compilation: enabled
              stopped_count=0, restarted_count=0
 full_count=0

Compilation events (20 events):
Event: 256.950 Thread 0x00000150d3b20770 5722       1       com.google.gson.internal.Streams::writerForAppendable (23 bytes)
Event: 256.950 Thread 0x00000150d3b20770 nmethod 5722 0x00000150cbfe3190 code [0x00000150cbfe3340, 0x00000150cbfe34e8]
Event: 256.950 Thread 0x00000150d3b20770 5723       1       java.lang.String::getBytes (28 bytes)
Event: 256.951 Thread 0x00000150d3b20770 nmethod 5723 0x00000150cbfe2910 code [0x00000150cbfe2b00, 0x00000150cbfe2f18]
Event: 256.951 Thread 0x00000150d3b20770 5724       1       org.eclipse.lsp4j.jsonrpc.json.StreamMessageConsumer::getHeader (82 bytes)
Event: 256.951 Thread 0x00000150d3b20770 nmethod 5724 0x00000150cbfe1d10 code [0x00000150cbfe1f80, 0x00000150cbfe2538]
Event: 256.952 Thread 0x00000150d3b20770 5725       1       org.eclipse.lsp4j.jsonrpc.json.StreamMessageConsumer::appendHeader (15 bytes)
Event: 256.952 Thread 0x00000150d3b20770 nmethod 5725 0x00000150cbfe1810 code [0x00000150cbfe19e0, 0x00000150cbfe1b78]
Event: 263.266 Thread 0x00000150d3b20770 5726   !   1       com.google.gson.Gson::toJson (34 bytes)
Event: 263.267 Thread 0x00000150d3b20770 nmethod 5726 0x00000150cbfe1110 code [0x00000150cbfe12e0, 0x00000150cbfe15d8]
Event: 263.267 Thread 0x00000150d3b20770 5727       1       com.google.gson.Gson::newJsonWriter (61 bytes)
Event: 263.267 Thread 0x00000150d3b20770 nmethod 5727 0x00000150cbfe0b90 code [0x00000150cbfe0d40, 0x00000150cbfe0ff8]
Event: 263.267 Thread 0x00000150d3b20770 5728       1       org.eclipse.lsp4j.jsonrpc.json.adapters.MessageTypeAdapter::write (10 bytes)
Event: 263.267 Thread 0x00000150d3b20770 nmethod 5728 0x00000150cbfe0810 code [0x00000150cbfe09a0, 0x00000150cbfe0aa8]
Event: 263.267 Thread 0x00000150d3b20770 5729       1       org.eclipse.lsp4j.jsonrpc.json.adapters.MessageTypeAdapter::write (299 bytes)
Event: 263.270 Thread 0x00000150d3b20770 nmethod 5729 0x00000150cbfdf190 code [0x00000150cbfdf540, 0x00000150cbfe0068]
Event: 287.790 Thread 0x00000150d3b20770 5730       1       java.util.concurrent.locks.ReentrantLock$Sync::isHeldExclusively (16 bytes)
Event: 287.790 Thread 0x00000150d3b20770 nmethod 5730 0x00000150cbfdee90 code [0x00000150cbfdf020, 0x00000150cbfdf118]
Event: 315.252 Thread 0x00000150d3b20770 5731       1       java.util.concurrent.locks.AbstractQueuedSynchronizer$ConditionObject::canReacquire (38 bytes)
Event: 315.253 Thread 0x00000150d3b20770 nmethod 5731 0x00000150cbfdea90 code [0x00000150cbfdec20, 0x00000150cbfded98]

GC Heap History (20 events):
Event: 75.707 GC heap after
{Heap after GC invocations=15 (full 2):
 garbage-first heap   total 98304K, used 41336K [0x00000000c0000000, 0x0000000100000000)
  region size 1024K, 0 young (0K), 0 survivors (0K)
 Metaspace       used 58289K, committed 58816K, reserved 1114112K
  class space    used 7238K, committed 7488K, reserved 1048576K
}
Event: 85.908 GC heap before
{Heap before GC invocations=15 (full 2):
 garbage-first heap   total 98304K, used 41336K [0x00000000c0000000, 0x0000000100000000)
  region size 1024K, 1 young (1024K), 0 survivors (0K)
 Metaspace       used 58289K, committed 58816K, reserved 1114112K
  class space    used 7238K, committed 7488K, reserved 1048576K
}
Event: 85.958 GC heap after
{Heap after GC invocations=16 (full 3):
 garbage-first heap   total 98304K, used 37437K [0x00000000c0000000, 0x0000000100000000)
  region size 1024K, 0 young (0K), 0 survivors (0K)
 Metaspace       used 58072K, committed 58816K, reserved 1114112K
  class space    used 7189K, committed 7488K, reserved 1048576K
}
Event: 96.161 GC heap before
{Heap before GC invocations=16 (full 3):
 garbage-first heap   total 98304K, used 37437K [0x00000000c0000000, 0x0000000100000000)
  region size 1024K, 1 young (1024K), 0 survivors (0K)
 Metaspace       used 58072K, committed 58816K, reserved 1114112K
  class space    used 7189K, committed 7488K, reserved 1048576K
}
Event: 96.207 GC heap after
{Heap after GC invocations=17 (full 4):
 garbage-first heap   total 98304K, used 37437K [0x00000000c0000000, 0x0000000100000000)
  region size 1024K, 0 young (0K), 0 survivors (0K)
 Metaspace       used 58072K, committed 58816K, reserved 1114112K
  class space    used 7189K, committed 7488K, reserved 1048576K
}
Event: 106.388 GC heap before
{Heap before GC invocations=17 (full 4):
 garbage-first heap   total 98304K, used 37437K [0x00000000c0000000, 0x0000000100000000)
  region size 1024K, 1 young (1024K), 0 survivors (0K)
 Metaspace       used 58072K, committed 58816K, reserved 1114112K
  class space    used 7189K, committed 7488K, reserved 1048576K
}
Event: 106.433 GC heap after
{Heap after GC invocations=18 (full 5):
 garbage-first heap   total 98304K, used 37437K [0x00000000c0000000, 0x0000000100000000)
  region size 1024K, 0 young (0K), 0 survivors (0K)
 Metaspace       used 58072K, committed 58816K, reserved 1114112K
  class space    used 7189K, committed 7488K, reserved 1048576K
}
Event: 116.627 GC heap before
{Heap before GC invocations=18 (full 5):
 garbage-first heap   total 98304K, used 37437K [0x00000000c0000000, 0x0000000100000000)
  region size 1024K, 1 young (1024K), 0 survivors (0K)
 Metaspace       used 58072K, committed 58816K, reserved 1114112K
  class space    used 7189K, committed 7488K, reserved 1048576K
}
Event: 116.677 GC heap after
{Heap after GC invocations=19 (full 6):
 garbage-first heap   total 98304K, used 37437K [0x00000000c0000000, 0x0000000100000000)
  region size 1024K, 0 young (0K), 0 survivors (0K)
 Metaspace       used 58072K, committed 58816K, reserved 1114112K
  class space    used 7189K, committed 7488K, reserved 1048576K
}
Event: 126.820 GC heap before
{Heap before GC invocations=19 (full 6):
 garbage-first heap   total 98304K, used 37437K [0x00000000c0000000, 0x0000000100000000)
  region size 1024K, 1 young (1024K), 0 survivors (0K)
 Metaspace       used 58072K, committed 58816K, reserved 1114112K
  class space    used 7189K, committed 7488K, reserved 1048576K
}
Event: 126.857 GC heap after
{Heap after GC invocations=20 (full 7):
 garbage-first heap   total 98304K, used 37437K [0x00000000c0000000, 0x0000000100000000)
  region size 1024K, 0 young (0K), 0 survivors (0K)
 Metaspace       used 58072K, committed 58816K, reserved 1114112K
  class space    used 7189K, committed 7488K, reserved 1048576K
}
Event: 197.056 GC heap before
{Heap before GC invocations=20 (full 7):
 garbage-first heap   total 98304K, used 47677K [0x00000000c0000000, 0x0000000100000000)
  region size 1024K, 11 young (11264K), 0 survivors (0K)
 Metaspace       used 58130K, committed 58816K, reserved 1114112K
  class space    used 7209K, committed 7488K, reserved 1048576K
}
Event: 197.114 GC heap after
{Heap after GC invocations=21 (full 8):
 garbage-first heap   total 98304K, used 38673K [0x00000000c0000000, 0x0000000100000000)
  region size 1024K, 0 young (0K), 0 survivors (0K)
 Metaspace       used 58130K, committed 58816K, reserved 1114112K
  class space    used 7209K, committed 7488K, reserved 1048576K
}
Event: 207.324 GC heap before
{Heap before GC invocations=21 (full 8):
 garbage-first heap   total 98304K, used 38673K [0x00000000c0000000, 0x0000000100000000)
  region size 1024K, 1 young (1024K), 0 survivors (0K)
 Metaspace       used 58130K, committed 58816K, reserved 1114112K
  class space    used 7209K, committed 7488K, reserved 1048576K
}
Event: 207.374 GC heap after
{Heap after GC invocations=22 (full 9):
 garbage-first heap   total 98304K, used 37526K [0x00000000c0000000, 0x0000000100000000)
  region size 1024K, 0 young (0K), 0 survivors (0K)
 Metaspace       used 58125K, committed 58816K, reserved 1114112K
  class space    used 7207K, committed 7488K, reserved 1048576K
}
Event: 217.520 GC heap before
{Heap before GC invocations=22 (full 9):
 garbage-first heap   total 98304K, used 37526K [0x00000000c0000000, 0x0000000100000000)
  region size 1024K, 1 young (1024K), 0 survivors (0K)
 Metaspace       used 58125K, committed 58816K, reserved 1114112K
  class space    used 7207K, committed 7488K, reserved 1048576K
}
Event: 217.560 GC heap after
{Heap after GC invocations=23 (full 10):
 garbage-first heap   total 98304K, used 37526K [0x00000000c0000000, 0x0000000100000000)
  region size 1024K, 0 young (0K), 0 survivors (0K)
 Metaspace       used 58125K, committed 58816K, reserved 1114112K
  class space    used 7207K, committed 7488K, reserved 1048576K
}
Event: 227.726 GC heap before
{Heap before GC invocations=23 (full 10):
 garbage-first heap   total 98304K, used 37526K [0x00000000c0000000, 0x0000000100000000)
  region size 1024K, 1 young (1024K), 0 survivors (0K)
 Metaspace       used 58125K, committed 58816K, reserved 1114112K
  class space    used 7207K, committed 7488K, reserved 1048576K
}
Event: 227.765 GC heap after
{Heap after GC invocations=24 (full 11):
 garbage-first heap   total 98304K, used 37525K [0x00000000c0000000, 0x0000000100000000)
  region size 1024K, 0 young (0K), 0 survivors (0K)
 Metaspace       used 58125K, committed 58816K, reserved 1114112K
  class space    used 7207K, committed 7488K, reserved 1048576K
}
Event: 317.999 GC heap before
{Heap before GC invocations=24 (full 11):
 garbage-first heap   total 98304K, used 41621K [0x00000000c0000000, 0x0000000100000000)
  region size 1024K, 5 young (5120K), 0 survivors (0K)
 Metaspace       used 58158K, committed 58880K, reserved 1114112K
  class space    used 7214K, committed 7488K, reserved 1048576K
}

Dll operation events (10 events):
Event: 0.012 Loaded shared library c:\Users\Rohit\.vscode\extensions\redhat.java-1.31.0-win32-x64\jre\17.0.11-win32-x86_64\bin\java.dll
Event: 0.471 Loaded shared library C:\Users\Rohit\.vscode\extensions\redhat.java-1.31.0-win32-x64\jre\17.0.11-win32-x86_64\bin\net.dll
Event: 0.473 Loaded shared library C:\Users\Rohit\.vscode\extensions\redhat.java-1.31.0-win32-x64\jre\17.0.11-win32-x86_64\bin\nio.dll
Event: 0.980 Loaded shared library C:\Users\Rohit\.vscode\extensions\redhat.java-1.31.0-win32-x64\jre\17.0.11-win32-x86_64\bin\zip.dll
Event: 9.043 Loaded shared library C:\Users\Rohit\.vscode\extensions\redhat.java-1.31.0-win32-x64\jre\17.0.11-win32-x86_64\bin\jimage.dll
Event: 11.208 Loaded shared library c:\Users\Rohit\.vscode\extensions\redhat.java-1.31.0-win32-x64\jre\17.0.11-win32-x86_64\bin\verify.dll
Event: 15.404 Loaded shared library C:\Users\Rohit\.vscode\extensions\redhat.java-1.31.0-win32-x64\jre\17.0.11-win32-x86_64\bin\management.dll
Event: 15.412 Loaded shared library C:\Users\Rohit\.vscode\extensions\redhat.java-1.31.0-win32-x64\jre\17.0.11-win32-x86_64\bin\management_ext.dll
Event: 17.285 Loaded shared library C:\Users\Rohit\.vscode\extensions\redhat.java-1.31.0-win32-x64\jre\17.0.11-win32-x86_64\bin\sunmscapi.dll
Event: 17.638 Loaded shared library C:\Users\Rohit\.vscode\extensions\redhat.java-1.31.0-win32-x64\jre\17.0.11-win32-x86_64\bin\extnet.dll

Deoptimization events (12 events):
Event: 15.758 Thread 0x00000150d9625920 DEOPT PACKING pc=0x00000150cba68901 sp=0x00000049b89fe070
Event: 15.758 Thread 0x00000150d9625920 DEOPT UNPACKING pc=0x00000150cb507143 sp=0x00000049b89fd500 mode 3
Event: 15.794 Thread 0x00000150d955d6d0 DEOPT PACKING pc=0x00000150cba45b17 sp=0x00000049b8aff240
Event: 15.794 Thread 0x00000150d955d6d0 DEOPT UNPACKING pc=0x00000150cb507143 sp=0x00000049b8afe698 mode 3
Event: 17.100 Thread 0x00000150d865dd90 DEOPT PACKING pc=0x00000150cbc128a4 sp=0x00000049b94ff1c0
Event: 17.100 Thread 0x00000150d865dd90 DEOPT UNPACKING pc=0x00000150cb507143 sp=0x00000049b94fe6a8 mode 0
Event: 17.100 Thread 0x00000150d865c950 DEOPT PACKING pc=0x00000150cbc128a4 sp=0x00000049b98ff130
Event: 17.100 Thread 0x00000150d865c950 DEOPT UNPACKING pc=0x00000150cb507143 sp=0x00000049b98fe618 mode 0
Event: 17.341 Thread 0x00000150d96ccc10 DEOPT PACKING pc=0x00000150cb69e30c sp=0x00000049b9efacb0
Event: 17.341 Thread 0x00000150d96ccc10 DEOPT UNPACKING pc=0x00000150cb507143 sp=0x00000049b9efa178 mode 0
Event: 130.789 Thread 0x00000150d9625920 DEOPT PACKING pc=0x00000150cbb3f3d4 sp=0x00000049b89ff370
Event: 130.789 Thread 0x00000150d9625920 DEOPT UNPACKING pc=0x00000150cb507143 sp=0x00000049b89fe818 mode 0

Classes unloaded (20 events):
Event: 85.924 Thread 0x00000150d3aeb640 Unloading class 0x0000000100095800 'java/lang/invoke/LambdaForm$MH+0x0000000100095800'
Event: 85.924 Thread 0x00000150d3aeb640 Unloading class 0x0000000100095400 'java/lang/invoke/LambdaForm$MH+0x0000000100095400'
Event: 85.924 Thread 0x00000150d3aeb640 Unloading class 0x0000000100095000 'java/lang/invoke/LambdaForm$MH+0x0000000100095000'
Event: 85.924 Thread 0x00000150d3aeb640 Unloading class 0x0000000100094c00 'java/lang/invoke/LambdaForm$MH+0x0000000100094c00'
Event: 85.924 Thread 0x00000150d3aeb640 Unloading class 0x0000000100094800 'java/lang/invoke/LambdaForm$MH+0x0000000100094800'
Event: 85.924 Thread 0x00000150d3aeb640 Unloading class 0x0000000100094400 'java/lang/invoke/LambdaForm$MH+0x0000000100094400'
Event: 85.924 Thread 0x00000150d3aeb640 Unloading class 0x000000010008e800 'java/lang/invoke/LambdaForm$MH+0x000000010008e800'
Event: 85.924 Thread 0x00000150d3aeb640 Unloading class 0x000000010008e400 'java/lang/invoke/LambdaForm$MH+0x000000010008e400'
Event: 85.924 Thread 0x00000150d3aeb640 Unloading class 0x000000010008e000 'java/lang/invoke/LambdaForm$MH+0x000000010008e000'
Event: 85.924 Thread 0x00000150d3aeb640 Unloading class 0x000000010008dc00 'java/lang/invoke/LambdaForm$MH+0x000000010008dc00'
Event: 85.924 Thread 0x00000150d3aeb640 Unloading class 0x000000010008d800 'java/lang/invoke/LambdaForm$MH+0x000000010008d800'
Event: 85.924 Thread 0x00000150d3aeb640 Unloading class 0x000000010008d400 'java/lang/invoke/LambdaForm$MH+0x000000010008d400'
Event: 85.924 Thread 0x00000150d3aeb640 Unloading class 0x000000010008cc00 'java/lang/invoke/LambdaForm$MH+0x000000010008cc00'
Event: 85.924 Thread 0x00000150d3aeb640 Unloading class 0x000000010008c800 'java/lang/invoke/LambdaForm$MH+0x000000010008c800'
Event: 85.924 Thread 0x00000150d3aeb640 Unloading class 0x000000010008c000 'java/lang/invoke/LambdaForm$MH+0x000000010008c000'
Event: 85.924 Thread 0x00000150d3aeb640 Unloading class 0x000000010008bc00 'java/lang/invoke/LambdaForm$MH+0x000000010008bc00'
Event: 85.924 Thread 0x00000150d3aeb640 Unloading class 0x0000000100088400 'java/lang/invoke/LambdaForm$MH+0x0000000100088400'
Event: 207.346 Thread 0x00000150d3aeb640 Unloading class 0x0000000100515800 'java/lang/invoke/LambdaForm$MH+0x0000000100515800'
Event: 207.346 Thread 0x00000150d3aeb640 Unloading class 0x000000010054c000 'java/lang/invoke/LambdaForm$MH+0x000000010054c000'
Event: 207.346 Thread 0x00000150d3aeb640 Unloading class 0x0000000100561000 'java/lang/invoke/LambdaForm$MH+0x0000000100561000'

Classes redefined (0 events):
No events

Internal exceptions (20 events):
Event: 16.313 Thread 0x00000150d96c8f50 Exception <a 'java/lang/NoSuchMethodError'{0x00000000c3c8d230}: 'java.lang.Object java.lang.invoke.Invokers$Holder.invoke_MT(java.lang.Object, java.lang.Object, java.lang.Object)'> (0x00000000c3c8d230) 
thrown [s\src\hotspot\share\interpreter\linkResolver.cpp, line 759]
Event: 16.655 Thread 0x00000150d96c8f50 Exception <a 'java/lang/IncompatibleClassChangeError'{0x00000000c3d387e8}: Found class java.lang.Object, but interface was expected> (0x00000000c3d387e8) 
thrown [s\src\hotspot\share\interpreter\linkResolver.cpp, line 826]
Event: 16.706 Thread 0x00000150d96c8f50 Exception <a 'java/lang/NoSuchMethodError'{0x00000000c574c3d8}: 'int java.lang.invoke.DirectMethodHandle$Holder.invokeSpecialIFC(java.lang.Object, java.lang.Object, java.lang.Object)'> (0x00000000c574c3d8) 
thrown [s\src\hotspot\share\interpreter\linkResolver.cpp, line 759]
Event: 16.844 Thread 0x00000150d96c8f50 Exception <a 'java/lang/NoSuchMethodError'{0x00000000c51b6218}: 'int java.lang.invoke.DirectMethodHandle$Holder.invokeStatic(java.lang.Object, int, java.lang.Object)'> (0x00000000c51b6218) 
thrown [s\src\hotspot\share\interpreter\linkResolver.cpp, line 759]
Event: 17.102 Thread 0x00000150d865bf30 Exception <a 'sun/nio/fs/WindowsException'{0x00000000c46785b8}> (0x00000000c46785b8) 
thrown [s\src\hotspot\share\prims\jni.cpp, line 516]
Event: 17.106 Thread 0x00000150d865c440 Exception <a 'java/lang/NoSuchMethodError'{0x00000000c46c8580}: 'int java.lang.invoke.DirectMethodHandle$Holder.invokeVirtual(java.lang.Object, java.lang.Object, int)'> (0x00000000c46c8580) 
thrown [s\src\hotspot\share\interpreter\linkResolver.cpp, line 759]
Event: 17.114 Thread 0x00000150d96cf490 Exception <a 'java/lang/NoSuchMethodError'{0x00000000c455de08}: 'java.lang.Object java.lang.invoke.DirectMethodHandle$Holder.newInvokeSpecial(java.lang.Object, java.lang.Object, java.lang.Object, java.lang.Object, java.lang.Object, long)'> (0x00000000c455de08) 
thrown [s\src\hotspot\share\interpreter\linkResolver.cpp, line 759]
Event: 17.114 Thread 0x00000150d96cf490 Exception <a 'java/lang/NoSuchMethodError'{0x00000000c4562478}: 'java.lang.Object java.lang.invoke.DirectMethodHandle$Holder.invokeSpecial(java.lang.Object, java.lang.Object, java.lang.Object, java.lang.Object, java.lang.Object, java.lang.Object, long)'> (0x00000000c4562478) 
thrown [s\src\hotspot\share\interpreter\linkResolver.cpp, line 759]
Event: 17.122 Thread 0x00000150d96ccc10 Exception <a 'java/lang/NoSuchMethodError'{0x00000000c45bc740}: 'void java.lang.invoke.DirectMethodHandle$Holder.invokeVirtual(java.lang.Object, java.lang.Object, java.lang.Object, java.lang.Object)'> (0x00000000c45bc740) 
thrown [s\src\hotspot\share\interpreter\linkResolver.cpp, line 759]
Event: 17.218 Thread 0x00000150d96ccc10 Exception <a 'java/lang/NoSuchMethodError'{0x00000000c3faae90}: 'java.lang.Object java.lang.invoke.DirectMethodHandle$Holder.invokeStatic(java.lang.Object, java.lang.Object, int, java.lang.Object)'> (0x00000000c3faae90) 
thrown [s\src\hotspot\share\interpreter\linkResolver.cpp, line 759]
Event: 17.218 Thread 0x00000150d96ccc10 Exception <a 'java/lang/NoSuchMethodError'{0x00000000c3fb1290}: 'java.lang.Object java.lang.invoke.DirectMethodHandle$Holder.newInvokeSpecial(java.lang.Object, java.lang.Object, int)'> (0x00000000c3fb1290) 
thrown [s\src\hotspot\share\interpreter\linkResolver.cpp, line 759]
Event: 17.338 Thread 0x00000150d96ccc10 Exception <a 'sun/nio/fs/WindowsException'{0x00000000ccfe8740}> (0x00000000ccfe8740) 
thrown [s\src\hotspot\share\prims\jni.cpp, line 516]
Event: 65.394 Thread 0x00000150d95b5820 Exception <a 'java/lang/NoSuchMethodError'{0x00000000c46f1ea8}: 'void java.lang.invoke.DirectMethodHandle$Holder.invokeStatic(java.lang.Object, long)'> (0x00000000c46f1ea8) 
thrown [s\src\hotspot\share\interpreter\linkResolver.cpp, line 759]
Event: 65.395 Thread 0x00000150d95b5820 Exception <a 'java/lang/NoSuchMethodError'{0x00000000c46f7258}: 'java.lang.Object java.lang.invoke.DirectMethodHandle$Holder.newInvokeSpecial(java.lang.Object, long)'> (0x00000000c46f7258) 
thrown [s\src\hotspot\share\interpreter\linkResolver.cpp, line 759]
Event: 248.791 Thread 0x00000150d96cbce0 Exception <a 'sun/net/ConnectionResetException'{0x00000000cd032cd0}: Connection reset> (0x00000000cd032cd0) 
thrown [s\src\hotspot\share\prims\jni.cpp, line 535]
Event: 248.791 Thread 0x00000150d96cfeb0 Exception <a 'sun/net/ConnectionResetException'{0x00000000cd039e28}: Connection reset> (0x00000000cd039e28) 
thrown [s\src\hotspot\share\prims\jni.cpp, line 535]
Event: 248.791 Thread 0x00000150d96c9460 Exception <a 'sun/net/ConnectionResetException'{0x00000000cd0426c8}: Connection reset> (0x00000000cd0426c8) 
thrown [s\src\hotspot\share\prims\jni.cpp, line 535]
Event: 248.793 Thread 0x00000150d96cbce0 Exception <a 'java/io/IOException'{0x00000000cd034d68}: Connection reset by peer> (0x00000000cd034d68) 
thrown [s\src\hotspot\share\prims\jni.cpp, line 535]
Event: 248.793 Thread 0x00000150d96cfeb0 Exception <a 'java/io/IOException'{0x00000000cd03bcd8}: Connection reset by peer> (0x00000000cd03bcd8) 
thrown [s\src\hotspot\share\prims\jni.cpp, line 535]
Event: 248.793 Thread 0x00000150d96c9460 Exception <a 'java/io/IOException'{0x00000000cd045dc8}: Connection reset by peer> (0x00000000cd045dc8) 
thrown [s\src\hotspot\share\prims\jni.cpp, line 535]

VM Operations (20 events):
Event: 153.868 Executing VM operation: Cleanup done
Event: 197.055 Executing VM operation: G1CollectFull
Event: 197.114 Executing VM operation: G1CollectFull done
Event: 207.324 Executing VM operation: G1CollectFull
Event: 207.375 Executing VM operation: G1CollectFull done
Event: 217.520 Executing VM operation: G1CollectFull
Event: 217.560 Executing VM operation: G1CollectFull done
Event: 227.725 Executing VM operation: G1CollectFull
Event: 227.765 Executing VM operation: G1CollectFull done
Event: 234.814 Executing VM operation: Cleanup
Event: 234.814 Executing VM operation: Cleanup done
Event: 239.855 Executing VM operation: Cleanup
Event: 239.855 Executing VM operation: Cleanup done
Event: 240.856 Executing VM operation: Cleanup
Event: 240.856 Executing VM operation: Cleanup done
Event: 245.860 Executing VM operation: Cleanup
Event: 245.860 Executing VM operation: Cleanup done
Event: 300.608 Executing VM operation: HandshakeAllThreads
Event: 300.608 Executing VM operation: HandshakeAllThreads done
Event: 317.999 Executing VM operation: G1CollectFull

Events (20 events):
Event: 248.794 loading class java/net/StandardSocketOptions
Event: 248.794 loading class java/net/StandardSocketOptions done
Event: 248.794 loading class java/net/StandardSocketOptions$StdSocketOption
Event: 248.794 loading class java/net/StandardSocketOptions$StdSocketOption done
Event: 248.794 loading class sun/nio/ch/SocketOptionRegistry
Event: 248.794 loading class sun/nio/ch/SocketOptionRegistry done
Event: 248.795 loading class sun/nio/ch/SocketOptionRegistry$RegistryKey
Event: 248.795 loading class sun/nio/ch/SocketOptionRegistry$RegistryKey done
Event: 248.795 loading class sun/nio/ch/SocketOptionRegistry$LazyInitialization
Event: 248.795 loading class sun/nio/ch/SocketOptionRegistry$LazyInitialization done
Event: 248.795 loading class sun/nio/ch/OptionKey
Event: 248.795 loading class sun/nio/ch/OptionKey done
Event: 248.795 loading class sun/nio/ch/ExtendedSocketOption
Event: 248.795 loading class sun/nio/ch/ExtendedSocketOption done
Event: 248.795 loading class sun/nio/ch/ExtendedSocketOption$1
Event: 248.795 loading class sun/nio/ch/ExtendedSocketOption$1 done
Event: 294.654 Thread 0x00000150d96d03c0 Thread exited: 0x00000150d96d03c0
Event: 308.799 Thread 0x00000150d96cbce0 Thread exited: 0x00000150d96cbce0
Event: 308.799 Thread 0x00000150d96cfeb0 Thread exited: 0x00000150d96cfeb0
Event: 308.799 Thread 0x00000150d96c9460 Thread exited: 0x00000150d96c9460


Dynamic libraries:
0x00007ff69b1b0000 - 0x00007ff69b1be000 	c:\Users\Rohit\.vscode\extensions\redhat.java-1.31.0-win32-x64\jre\17.0.11-win32-x86_64\bin\java.exe
0x00007ff9c8ab0000 - 0x00007ff9c8cc7000 	C:\windows\SYSTEM32\ntdll.dll
0x00007ff9c7170000 - 0x00007ff9c7234000 	C:\windows\System32\KERNEL32.DLL
0x00007ff9c5dd0000 - 0x00007ff9c6177000 	C:\windows\System32\KERNELBASE.dll
0x00007ff9c66c0000 - 0x00007ff9c67d1000 	C:\windows\System32\ucrtbase.dll
0x00007ff95c210000 - 0x00007ff95c227000 	c:\Users\Rohit\.vscode\extensions\redhat.java-1.31.0-win32-x64\jre\17.0.11-win32-x86_64\bin\jli.dll
0x00007ff9c8610000 - 0x00007ff9c87be000 	C:\windows\System32\USER32.dll
0x00007ff9c65d0000 - 0x00007ff9c65f6000 	C:\windows\System32\win32u.dll
0x00007ff9c67e0000 - 0x00007ff9c6809000 	C:\windows\System32\GDI32.dll
0x00007ff9c6180000 - 0x00007ff9c6299000 	C:\windows\System32\gdi32full.dll
0x00007ff9c6530000 - 0x00007ff9c65ca000 	C:\windows\System32\msvcp_win.dll
0x00007ff986640000 - 0x00007ff98665b000 	c:\Users\Rohit\.vscode\extensions\redhat.java-1.31.0-win32-x64\jre\17.0.11-win32-x86_64\bin\VCRUNTIME140.dll
0x00007ff9ab1f0000 - 0x00007ff9ab483000 	C:\windows\WinSxS\amd64_microsoft.windows.common-controls_6595b64144ccf1df_6.0.22621.3527_none_270e469b73872a76\COMCTL32.dll
0x00007ff9c7240000 - 0x00007ff9c72e7000 	C:\windows\System32\msvcrt.dll
0x00007ff9c7040000 - 0x00007ff9c7071000 	C:\windows\System32\IMM32.DLL
0x00007ff95c200000 - 0x00007ff95c20c000 	c:\Users\Rohit\.vscode\extensions\redhat.java-1.31.0-win32-x64\jre\17.0.11-win32-x86_64\bin\vcruntime140_1.dll
0x00007ff9578d0000 - 0x00007ff95795d000 	c:\Users\Rohit\.vscode\extensions\redhat.java-1.31.0-win32-x64\jre\17.0.11-win32-x86_64\bin\msvcp140.dll
0x00007ff956c60000 - 0x00007ff9578c2000 	c:\Users\Rohit\.vscode\extensions\redhat.java-1.31.0-win32-x64\jre\17.0.11-win32-x86_64\bin\server\jvm.dll
0x00007ff9c68d0000 - 0x00007ff9c6982000 	C:\windows\System32\ADVAPI32.dll
0x00007ff9c7450000 - 0x00007ff9c74f8000 	C:\windows\System32\sechost.dll
0x00007ff9c6320000 - 0x00007ff9c6348000 	C:\windows\System32\bcrypt.dll
0x00007ff9c6f20000 - 0x00007ff9c7035000 	C:\windows\System32\RPCRT4.dll
0x00007ff9c5720000 - 0x00007ff9c576d000 	C:\windows\SYSTEM32\POWRPROF.dll
0x00007ff95c1f0000 - 0x00007ff95c1f9000 	C:\windows\SYSTEM32\WSOCK32.dll
0x00007ff9c87e0000 - 0x00007ff9c8851000 	C:\windows\System32\WS2_32.dll
0x00007ff9bd510000 - 0x00007ff9bd544000 	C:\windows\SYSTEM32\WINMM.dll
0x00007ff9bc500000 - 0x00007ff9bc50a000 	C:\windows\SYSTEM32\VERSION.dll
0x00007ff9c5690000 - 0x00007ff9c56a3000 	C:\windows\SYSTEM32\UMPDC.dll
0x00007ff9c4df0000 - 0x00007ff9c4e08000 	C:\windows\SYSTEM32\kernel.appcore.dll
0x00007ff95a540000 - 0x00007ff95a54a000 	c:\Users\Rohit\.vscode\extensions\redhat.java-1.31.0-win32-x64\jre\17.0.11-win32-x86_64\bin\jimage.dll
0x00007ff9ba950000 - 0x00007ff9bab82000 	C:\windows\SYSTEM32\DBGHELP.DLL
0x00007ff9c6a00000 - 0x00007ff9c6d88000 	C:\windows\System32\combase.dll
0x00007ff9c7510000 - 0x00007ff9c75e7000 	C:\windows\System32\OLEAUT32.dll
0x00007ff9a8600000 - 0x00007ff9a8632000 	C:\windows\SYSTEM32\dbgcore.DLL
0x00007ff9c62a0000 - 0x00007ff9c6319000 	C:\windows\System32\bcryptPrimitives.dll
0x00007ff9569d0000 - 0x00007ff9569f5000 	c:\Users\Rohit\.vscode\extensions\redhat.java-1.31.0-win32-x64\jre\17.0.11-win32-x86_64\bin\java.dll
0x00007ff9569b0000 - 0x00007ff9569c8000 	c:\Users\Rohit\.vscode\extensions\redhat.java-1.31.0-win32-x64\jre\17.0.11-win32-x86_64\bin\zip.dll
0x00007ff9c7aa0000 - 0x00007ff9c82fc000 	C:\windows\System32\SHELL32.dll
0x00007ff9c3ce0000 - 0x00007ff9c45d6000 	C:\windows\SYSTEM32\windows.storage.dll
0x00007ff9c3ba0000 - 0x00007ff9c3cde000 	C:\windows\SYSTEM32\wintypes.dll
0x00007ff9c8300000 - 0x00007ff9c83f5000 	C:\windows\System32\SHCORE.dll
0x00007ff9c7080000 - 0x00007ff9c70de000 	C:\windows\System32\shlwapi.dll
0x00007ff9c5d00000 - 0x00007ff9c5d21000 	C:\windows\SYSTEM32\profapi.dll
0x00007ff956c40000 - 0x00007ff956c59000 	C:\Users\Rohit\.vscode\extensions\redhat.java-1.31.0-win32-x64\jre\17.0.11-win32-x86_64\bin\net.dll
0x00007ff9bf440000 - 0x00007ff9bf576000 	C:\windows\SYSTEM32\WINHTTP.dll
0x00007ff9c5260000 - 0x00007ff9c52c9000 	C:\windows\system32\mswsock.dll
0x00007ff956960000 - 0x00007ff956976000 	C:\Users\Rohit\.vscode\extensions\redhat.java-1.31.0-win32-x64\jre\17.0.11-win32-x86_64\bin\nio.dll
0x00007ff956c30000 - 0x00007ff956c40000 	c:\Users\Rohit\.vscode\extensions\redhat.java-1.31.0-win32-x64\jre\17.0.11-win32-x86_64\bin\verify.dll
0x00007ff9c5530000 - 0x00007ff9c554b000 	C:\windows\SYSTEM32\CRYPTSP.dll
0x00007ff9c4d50000 - 0x00007ff9c4d85000 	C:\windows\system32\rsaenh.dll
0x00007ff9c5360000 - 0x00007ff9c5388000 	C:\windows\SYSTEM32\USERENV.dll
0x00007ff9c5550000 - 0x00007ff9c555c000 	C:\windows\SYSTEM32\CRYPTBASE.dll
0x00007ff9c4840000 - 0x00007ff9c486d000 	C:\windows\SYSTEM32\IPHLPAPI.DLL
0x00007ff9c7500000 - 0x00007ff9c7509000 	C:\windows\System32\NSI.dll
0x00007ff9bea30000 - 0x00007ff9bea49000 	C:\windows\SYSTEM32\dhcpcsvc6.DLL
0x00007ff9be740000 - 0x00007ff9be75f000 	C:\windows\SYSTEM32\dhcpcsvc.DLL
0x00007ff9c4870000 - 0x00007ff9c4968000 	C:\windows\SYSTEM32\DNSAPI.dll
0x00007ff9c1700000 - 0x00007ff9c1709000 	C:\Users\Rohit\.vscode\extensions\redhat.java-1.31.0-win32-x64\jre\17.0.11-win32-x86_64\bin\management.dll
0x00007ff9c1680000 - 0x00007ff9c168b000 	C:\Users\Rohit\.vscode\extensions\redhat.java-1.31.0-win32-x64\jre\17.0.11-win32-x86_64\bin\management_ext.dll
0x00007ff9c70e0000 - 0x00007ff9c70e8000 	C:\windows\System32\PSAPI.DLL
0x00007ff9c1690000 - 0x00007ff9c169e000 	C:\Users\Rohit\.vscode\extensions\redhat.java-1.31.0-win32-x64\jre\17.0.11-win32-x86_64\bin\sunmscapi.dll
0x00007ff9c6350000 - 0x00007ff9c64b8000 	C:\windows\System32\CRYPT32.dll
0x00007ff9c5770000 - 0x00007ff9c579e000 	C:\windows\SYSTEM32\ncrypt.dll
0x00007ff9c56e0000 - 0x00007ff9c5717000 	C:\windows\SYSTEM32\NTASN1.dll
0x00007ff9ba0e0000 - 0x00007ff9ba0ea000 	C:\Windows\System32\rasadhlp.dll
0x00007ff9bc090000 - 0x00007ff9bc113000 	C:\windows\System32\fwpuclnt.dll
0x00007ff9c1060000 - 0x00007ff9c1069000 	C:\Users\Rohit\.vscode\extensions\redhat.java-1.31.0-win32-x64\jre\17.0.11-win32-x86_64\bin\extnet.dll

dbghelp: loaded successfully - version: 4.0.5 - missing functions: none
symbol engine: initialized successfully - sym options: 0x614 - pdb path: .;c:\Users\Rohit\.vscode\extensions\redhat.java-1.31.0-win32-x64\jre\17.0.11-win32-x86_64\bin;C:\windows\SYSTEM32;C:\windows\WinSxS\amd64_microsoft.windows.common-controls_6595b64144ccf1df_6.0.22621.3527_none_270e469b73872a76;c:\Users\Rohit\.vscode\extensions\redhat.java-1.31.0-win32-x64\jre\17.0.11-win32-x86_64\bin\server

VM Arguments:
jvm_args: -Xmx1024m -Dsts.lsp.client=vscode -Dsts.log.file=/dev/null -XX:TieredStopAtLevel=1 -Xlog:jni+resolve=off -Dspring.config.location=file:c:\Users\Rohit\.vscode\extensions\vmware.vscode-spring-boot-1.54.0\language-server\BOOT-INF\classes\application.properties 
java_command: org.springframework.ide.vscode.boot.app.BootLanguageServerBootApp
java_class_path (initial): c:\Users\Rohit\.vscode\extensions\vmware.vscode-spring-boot-1.54.0\language-server\BOOT-INF\classes;c:\Users\Rohit\.vscode\extensions\vmware.vscode-spring-boot-1.54.0\language-server\BOOT-INF\lib\annotations-24.1.0.jar;c:\Users\Rohit\.vscode\extensions\vmware.vscode-spring-boot-1.54.0\language-server\BOOT-INF\lib\antlr4-runtime-4.13.1.jar;c:\Users\Rohit\.vscode\extensions\vmware.vscode-spring-boot-1.54.0\language-server\BOOT-INF\lib\asm-9.7.jar;c:\Users\Rohit\.vscode\extensions\vmware.vscode-spring-boot-1.54.0\language-server\BOOT-INF\lib\asm-analysis-9.7.jar;c:\Users\Rohit\.vscode\extensions\vmware.vscode-spring-boot-1.54.0\language-server\BOOT-INF\lib\asm-tree-9.7.jar;c:\Users\Rohit\.vscode\extensions\vmware.vscode-spring-boot-1.54.0\language-server\BOOT-INF\lib\asm-util-9.7.jar;c:\Users\Rohit\.vscode\extensions\vmware.vscode-spring-boot-1.54.0\language-server\BOOT-INF\lib\caffeine-3.1.8.jar;c:\Users\Rohit\.vscode\extensions\vmware.vscode-spring-boot-1.54.0\language-server\BOOT-INF\lib\checker-qual-3.12.0.jar;c:\Users\Rohit\.vscode\extensions\vmware.vscode-spring-boot-1.54.0\language-server\BOOT-INF\lib\classgraph-4.8.149.jar;c:\Users\Rohit\.vscode\extensions\vmware.vscode-spring-boot-1.54.0\language-server\BOOT-INF\lib\commons-codec-1.16.1.jar;c:\Users\Rohit\.vscode\extensions\vmware.vscode-spring-boot-1.54.0\language-server\BOOT-INF\lib\commons-compress-1.26.1.jar;c:\Users\Rohit\.vscode\extensions\vmware.vscode-spring-boot-1.54.0\language-server\BOOT-INF\lib\commons-io-2.4.jar;c:\Users\Rohit\.vscode\extensions\vmware.vscode-spring-boot-1.54.0\language-server\BOOT-INF\lib\commons-java-1.54.0-SNAPSHOT.jar;c:\Users\Rohit\.vscode\extensions\vmware.vscode-spring-boot-1.54.0\language-server\BOOT-INF\lib\commons-lang3-3.13.0.jar;c:\Users\Rohit\.vscode\extensions\vmware.vscode-spring-boot-1.54.0\language-server\BOOT-INF\lib\commons-language-server-1.54.0-SNAPSHOT.jar;c:\Users\Rohit\.vscode\extensions\vmware.vscode-spring-boot-1.54.0\language
Launcher Type: SUN_STANDARD

[Global flags]
     intx CICompilerCount                          = 4                                         {product} {ergonomic}
     uint ConcGCThreads                            = 3                                         {product} {ergonomic}
     uint G1ConcRefinementThreads                  = 10                                        {product} {ergonomic}
   size_t G1HeapRegionSize                         = 1048576                                   {product} {ergonomic}
    uintx GCDrainStackTargetSize                   = 64                                        {product} {ergonomic}
   size_t InitialHeapSize                          = 257949696                                 {product} {ergonomic}
   size_t MarkStackSize                            = 4194304                                   {product} {ergonomic}
   size_t MaxHeapSize                              = 1073741824                                {product} {command line}
   size_t MaxNewSize                               = 643825664                                 {product} {ergonomic}
   size_t MinHeapDeltaBytes                        = 1048576                                   {product} {ergonomic}
   size_t MinHeapSize                              = 8388608                                   {product} {ergonomic}
    uintx NonProfiledCodeHeapSize                  = 0                                      {pd product} {ergonomic}
     bool ProfileInterpreter                       = false                                  {pd product} {command line}
    uintx ProfiledCodeHeapSize                     = 0                                      {pd product} {ergonomic}
   size_t SoftMaxHeapSize                          = 1073741824                             {manageable} {ergonomic}
     intx TieredStopAtLevel                        = 1                                         {product} {command line}
     bool UseCompressedClassPointers               = true                           {product lp64_product} {ergonomic}
     bool UseCompressedOops                        = true                           {product lp64_product} {ergonomic}
     bool UseG1GC                                  = true                                      {product} {ergonomic}
     bool UseLargePagesIndividualAllocation        = false                                  {pd product} {ergonomic}

Logging:
Log output configuration:
 #0: stdout all=warning,jni+resolve=off uptime,level,tags
 #1: stderr all=off uptime,level,tags

Environment Variables:
JAVA_HOME=C:\Program Files\Java\jdk1.8.0_202\bin
PATH=C:\Program Files\Microsoft\jdk-17.0.9.8-hotspot\bin;C:\windows\system32;C:\windows;C:\windows\System32\Wbem;C:\windows\System32\WindowsPowerShell\v1.0\;C:\windows\System32\OpenSSH\;C:\MinGW\bin;C:\Program Files\PuTTY\;C:\Program Files (x86)\Microsoft SQL Server\160\DTS\Binn\;C:\Program Files\Azure Data Studio\bin;C:\Program Files\Git\cmd;C:\Users\Rohit\AppData\Local\Programs\Python\Python312\Scripts\;C:\Users\Rohit\AppData\Local\Programs\Python\Python312\;C:\Program Files\MySQL\MySQL Shell 8.0\bin\;C:\Users\Rohit\anaconda3;C:\Users\Rohit\anaconda3\Library\mingw-w64\bin;C:\Users\Rohit\anaconda3\Library\usr\bin;C:\Users\Rohit\anaconda3\Library\bin;C:\Users\Rohit\anaconda3\Scripts;C:\Users\Rohit\AppData\Local\Microsoft\WindowsApps;C:\Users\Rohit\AppData\Local\Programs\Microsoft VS Code\bin;C:\MinGW\bin;C:\Program Files\Azure Data Studio\bin
USERNAME=Rohit
OS=Windows_NT
PROCESSOR_IDENTIFIER=AMD64 Family 23 Model 104 Stepping 1, AuthenticAMD
TMP=C:\Users\Rohit\AppData\Local\Temp
TEMP=C:\Users\Rohit\AppData\Local\Temp



Periodic native trim disabled


---------------  S Y S T E M  ---------------

OS:
 Windows 11 , 64 bit Build 22621 (10.0.22621.3527)
OS uptime: 0 days 7:31 hours
Hyper-V role detected

CPU: total 12 (initial active 12) (12 cores per cpu, 2 threads per core) family 23 model 104 stepping 1 microcode 0x0, cx8, cmov, fxsr, ht, mmx, 3dnowpref, sse, sse2, sse3, ssse3, sse4a, sse4.1, sse4.2, popcnt, lzcnt, tsc, tscinvbit, avx, avx2, aes, clmul, bmi1, bmi2, adx, sha, fma, vzeroupper, clflush, clflushopt, hv
Processor Information for processor 0
  Max Mhz: 2100, Current Mhz: 2100, Mhz Limit: 2100
Processor Information for processor 1
  Max Mhz: 2100, Current Mhz: 1813, Mhz Limit: 2100
Processor Information for processor 2
  Max Mhz: 2100, Current Mhz: 1813, Mhz Limit: 2100
Processor Information for processor 3
  Max Mhz: 2100, Current Mhz: 2100, Mhz Limit: 2100
Processor Information for processor 4
  Max Mhz: 2100, Current Mhz: 2100, Mhz Limit: 2100
Processor Information for processor 5
  Max Mhz: 2100, Current Mhz: 1813, Mhz Limit: 2100
Processor Information for processor 6
  Max Mhz: 2100, Current Mhz: 1813, Mhz Limit: 2100
Processor Information for processor 7
  Max Mhz: 2100, Current Mhz: 1813, Mhz Limit: 2100
Processor Information for processor 8
  Max Mhz: 2100, Current Mhz: 1813, Mhz Limit: 2100
Processor Information for processor 9
  Max Mhz: 2100, Current Mhz: 1813, Mhz Limit: 2100
Processor Information for processor 10
  Max Mhz: 2100, Current Mhz: 1813, Mhz Limit: 2100
Processor Information for processor 11
  Max Mhz: 2100, Current Mhz: 1813, Mhz Limit: 2100

Memory: 4k page, system-wide physical 15694M (9152M free)
TotalPageFile size 18126M (AvailPageFile size 10024M)
current process WorkingSet (physical memory assigned to process): 224M, peak: 228M
current process commit charge ("private bytes"): 270M, peak: 361M

vm_info: OpenJDK 64-Bit Server VM (17.0.11+9) for windows-amd64 JRE (17.0.11+9), built on Apr 17 2024 06:07:48 by "admin" with MS VC++ 16.10 / 16.11 (VS2019)

END.
